2026.04.21 00:32:06 INFO  Started: Metals version 1.6.7 in folders '/home/okemwag/Downloads/elitebet' for client Visual Studio Code 1.116.0.[0m
2026.04.21 00:32:06 INFO  Memory monitor started[0m
2026.04.21 00:32:08 WARN  Using H2 2.4.240 which is newer than the version Flyway has been verified with. The latest verified version of H2 is 2.3.232.[0m
2026.04.21 00:32:08 INFO  no build target found for /home/okemwag/Downloads/elitebet/src/test/java/com/okemwag/elitebet/ElitebetApplicationTests.java. Using fallback presentation compiler.[0m
2026.04.21 00:32:09 INFO  no build target found for /home/okemwag/Downloads/elitebet/src/test/java/com/okemwag/elitebet/ElitebetApplicationTests.java. Using fallback presentation compiler.[0m
2026.04.21 00:33:11 INFO  Shutting down server[0m
2026.04.21 00:33:11 INFO  Memory monitor stopped[0m
2026.04.21 00:33:11 INFO  shutting down Metals[0m
2026.04.21 00:33:11 INFO  Exiting server[0m
2026.04.21 00:33:11 ERROR Unexpected error initializing server: 
org.eclipse.lsp4j.jsonrpc.ResponseErrorException: Request window/showMessageRequest failed with message: Canceled
	at org.eclipse.lsp4j.jsonrpc.RemoteEndpoint.handleResponse(RemoteEndpoint.java:214)
	at org.eclipse.lsp4j.jsonrpc.RemoteEndpoint.consume(RemoteEndpoint.java:198)
	at org.eclipse.lsp4j.jsonrpc.json.StreamMessageProducer.handleMessage(StreamMessageProducer.java:189)
	at org.eclipse.lsp4j.jsonrpc.json.StreamMessageProducer.listen(StreamMessageProducer.java:97)
	at org.eclipse.lsp4j.jsonrpc.json.ConcurrentMessageProcessor.run(ConcurrentMessageProcessor.java:97)
	at java.util.concurrent.Executors$RunnableAdapter.call(Executors.java:572)
	at java.util.concurrent.FutureTask.run(FutureTask.java:317)
	at java.util.concurrent.ThreadPoolExecutor.runWorker(ThreadPoolExecutor.java:1144)
	at java.util.concurrent.ThreadPoolExecutor$Worker.run(ThreadPoolExecutor.java:642)
	at java.lang.Thread.run(Thread.java:1583)
[0m
2026.04.21 11:03:38 INFO  Started: Metals version 1.6.7 in folders '/home/okemwag/Downloads/elitebet' for client Visual Studio Code 1.116.0.
2026.04.21 11:03:38 INFO  Memory monitor started
2026.04.21 11:03:41 WARN  Using H2 2.4.240 which is newer than the version Flyway has been verified with. The latest verified version of H2 is 2.3.232.
2026.04.21 11:03:42 INFO  no build target found for /home/okemwag/Downloads/elitebet/src/test/java/com/okemwag/elitebet/ElitebetApplicationTests.java. Using fallback presentation compiler.
2026.04.21 11:03:44 INFO  no build target found for /home/okemwag/Downloads/elitebet/src/test/java/com/okemwag/elitebet/ElitebetApplicationTests.java. Using fallback presentation compiler.
2026.04.21 11:04:00 INFO  no build target found for /home/okemwag/Downloads/elitebet/src/test/java/com/okemwag/elitebet/ElitebetApplicationTests.java. Using fallback presentation compiler.
2026.04.21 11:04:00 INFO  no build target found for /home/okemwag/Downloads/elitebet/src/test/java/com/okemwag/elitebet/ElitebetApplicationTests.java. Using fallback presentation compiler.
Apr 21, 2026 11:04:08 AM org.eclipse.lsp4j.jsonrpc.services.GenericEndpoint notify
INFO: Unsupported notification method: $/setTrace
2026.04.21 11:04:09 INFO  no build target found for /home/okemwag/Downloads/elitebet/src/test/java/com/okemwag/elitebet/ElitebetApplicationTests.java. Using fallback presentation compiler.
Apr 21, 2026 11:04:22 AM org.eclipse.lsp4j.jsonrpc.services.GenericEndpoint notify
INFO: Unsupported notification method: $/setTrace
2026.04.21 11:04:22 INFO  no build target found for /home/okemwag/Downloads/elitebet/src/test/java/com/okemwag/elitebet/ElitebetApplicationTests.java. Using fallback presentation compiler.
Apr 21, 2026 11:04:32 AM org.eclipse.lsp4j.jsonrpc.services.GenericEndpoint notify
INFO: Unsupported notification method: $/setTrace
2026.04.21 11:04:32 INFO  no build target found for /home/okemwag/Downloads/elitebet/src/test/java/com/okemwag/elitebet/ElitebetApplicationTests.java. Using fallback presentation compiler.
2026.04.21 11:05:47 INFO  no build target found for /home/okemwag/Downloads/elitebet/src/test/java/com/okemwag/elitebet/ElitebetApplicationTests.java. Using fallback presentation compiler.
2026.04.21 11:05:49 INFO  no build target found for /home/okemwag/Downloads/elitebet/src/test/java/com/okemwag/elitebet/ElitebetApplicationTests.java. Using fallback presentation compiler.
2026.04.21 11:16:24 INFO  no build target found for /home/okemwag/Downloads/elitebet/src/test/java/com/okemwag/elitebet/ElitebetApplicationTests.java. Using fallback presentation compiler.
2026.04.21 11:16:25 INFO  no build target found for /home/okemwag/Downloads/elitebet/src/test/java/com/okemwag/elitebet/ElitebetApplicationTests.java. Using fallback presentation compiler.
2026.04.21 11:16:32 INFO  no build target found for /home/okemwag/Downloads/elitebet/src/test/java/com/okemwag/elitebet/ElitebetApplicationTests.java. Using fallback presentation compiler.
2026.04.21 11:16:32 INFO  no build target found for /home/okemwag/Downloads/elitebet/src/main/java/com/okemwag/elitebet/ElitebetApplication.java. Using fallback presentation compiler.
2026.04.21 11:16:32 INFO  no build target found for /home/okemwag/Downloads/elitebet/src/main/java/com/okemwag/elitebet/ElitebetApplication.java. Using fallback presentation compiler.
2026.04.21 11:17:22 INFO  no build target found for /home/okemwag/Downloads/elitebet/src/main/java/com/okemwag/elitebet/ElitebetApplication.java. Using fallback presentation compiler.
2026.04.21 11:17:22 INFO  no build target found for /home/okemwag/Downloads/elitebet/src/main/java/com/okemwag/elitebet/EliteBetApplication.java. Using fallback presentation compiler.
2026.04.21 11:17:22 INFO  no build target found for /home/okemwag/Downloads/elitebet/src/main/java/com/okemwag/elitebet/EliteBetApplication.java. Using fallback presentation compiler.
2026.04.21 11:17:22 INFO  no build target found for /home/okemwag/Downloads/elitebet/src/main/java/com/okemwag/elitebet/EliteBetApplication.java. Using fallback presentation compiler.
2026.04.21 11:17:51 INFO  no build target found for /home/okemwag/Downloads/elitebet/src/main/java/com/okemwag/elitebet/EliteBetApplication.java. Using fallback presentation compiler.
2026.04.21 11:17:51 INFO  no build target found for /home/okemwag/Downloads/elitebet/src/main/java/com/okemwag/elitebet/admin/package-info.java. Using fallback presentation compiler.
2026.04.21 11:17:51 INFO  no build target found for /home/okemwag/Downloads/elitebet/src/main/java/com/okemwag/elitebet/admin/package-info.java. Using fallback presentation compiler.
Apr 21, 2026 11:17:51 AM org.eclipse.lsp4j.jsonrpc.RemoteEndpoint handleCancellation
WARNING: Unmatched cancel notification for request id 46
2026.04.21 11:17:51 INFO  no build target found for /home/okemwag/Downloads/elitebet/src/main/java/com/okemwag/elitebet/admin/package-info.java. Using fallback presentation compiler.
2026.04.21 11:21:00 INFO  no build target found for /home/okemwag/Downloads/elitebet/src/main/java/com/okemwag/elitebet/admin/package-info.java. Using fallback presentation compiler.
2026.04.21 11:21:00 INFO  no build target found for /home/okemwag/Downloads/elitebet/src/main/java/com/okemwag/elitebet/sportsbook/package-info.java. Using fallback presentation compiler.
2026.04.21 11:21:00 INFO  no build target found for /home/okemwag/Downloads/elitebet/src/main/java/com/okemwag/elitebet/sportsbook/package-info.java. Using fallback presentation compiler.
2026.04.21 11:21:00 INFO  no build target found for /home/okemwag/Downloads/elitebet/src/main/java/com/okemwag/elitebet/sportsbook/package-info.java. Using fallback presentation compiler.
2026.04.21 11:21:03 INFO  no build target found for /home/okemwag/Downloads/elitebet/src/main/java/com/okemwag/elitebet/sportsbook/package-info.java. Using fallback presentation compiler.
2026.04.21 11:21:03 INFO  no build target found for /home/okemwag/Downloads/elitebet/src/test/java/com/okemwag/elitebet/EliteBetModuleArchitectureTests.java. Using fallback presentation compiler.
2026.04.21 11:21:03 INFO  no build target found for /home/okemwag/Downloads/elitebet/src/test/java/com/okemwag/elitebet/EliteBetModuleArchitectureTests.java. Using fallback presentation compiler.
2026.04.21 11:21:03 INFO  no build target found for /home/okemwag/Downloads/elitebet/src/test/java/com/okemwag/elitebet/EliteBetModuleArchitectureTests.java. Using fallback presentation compiler.
2026.04.21 11:21:12 INFO  no build target found for /home/okemwag/Downloads/elitebet/src/test/java/com/okemwag/elitebet/EliteBetModuleArchitectureTests.java. Using fallback presentation compiler.
2026.04.21 11:21:12 INFO  no build target found for /home/okemwag/Downloads/elitebet/src/main/java/com/okemwag/elitebet/shared/package-info.java. Using fallback presentation compiler.
2026.04.21 11:21:12 INFO  no build target found for /home/okemwag/Downloads/elitebet/src/main/java/com/okemwag/elitebet/shared/package-info.java. Using fallback presentation compiler.
2026.04.21 11:21:12 INFO  no build target found for /home/okemwag/Downloads/elitebet/src/main/java/com/okemwag/elitebet/shared/package-info.java. Using fallback presentation compiler.
2026.04.21 11:33:21 INFO  no build target found for /home/okemwag/Downloads/elitebet/src/main/java/com/okemwag/elitebet/shared/package-info.java. Using fallback presentation compiler.
Apr 21, 2026 11:35:32 AM org.eclipse.lsp4j.jsonrpc.services.GenericEndpoint notify
INFO: Unsupported notification method: $/setTrace
2026.04.21 11:36:35 INFO  no build target found for /home/okemwag/Downloads/elitebet/src/main/java/com/okemwag/elitebet/shared/auditing/AuditAction.java. Using fallback presentation compiler.
2026.04.21 11:36:35 INFO  no build target found for /home/okemwag/Downloads/elitebet/src/main/java/com/okemwag/elitebet/shared/auditing/AuditAction.java. Using fallback presentation compiler.
2026.04.21 11:36:35 INFO  no build target found for /home/okemwag/Downloads/elitebet/src/main/java/com/okemwag/elitebet/shared/auditing/AuditAction.java. Using fallback presentation compiler.
2026.04.21 11:36:38 INFO  no build target found for /home/okemwag/Downloads/elitebet/src/main/java/com/okemwag/elitebet/shared/auditing/AuditAction.java. Using fallback presentation compiler.
2026.04.21 11:36:38 INFO  no build target found for /home/okemwag/Downloads/elitebet/src/main/java/com/okemwag/elitebet/shared/auditing/Auditable.java. Using fallback presentation compiler.
2026.04.21 11:36:38 INFO  no build target found for /home/okemwag/Downloads/elitebet/src/main/java/com/okemwag/elitebet/shared/auditing/Auditable.java. Using fallback presentation compiler.
2026.04.21 11:36:38 INFO  no build target found for /home/okemwag/Downloads/elitebet/src/main/java/com/okemwag/elitebet/shared/auditing/Auditable.java. Using fallback presentation compiler.
2026.04.21 11:36:40 INFO  no build target found for /home/okemwag/Downloads/elitebet/src/main/java/com/okemwag/elitebet/shared/auditing/Auditable.java. Using fallback presentation compiler.
2026.04.21 11:36:40 INFO  no build target found for /home/okemwag/Downloads/elitebet/src/main/java/com/okemwag/elitebet/shared/auditing/AuditCategory.java. Using fallback presentation compiler.
2026.04.21 11:36:40 INFO  no build target found for /home/okemwag/Downloads/elitebet/src/main/java/com/okemwag/elitebet/shared/auditing/AuditCategory.java. Using fallback presentation compiler.
2026.04.21 11:36:40 INFO  no build target found for /home/okemwag/Downloads/elitebet/src/main/java/com/okemwag/elitebet/shared/auditing/AuditCategory.java. Using fallback presentation compiler.
2026.04.21 11:36:42 INFO  no build target found for /home/okemwag/Downloads/elitebet/src/main/java/com/okemwag/elitebet/shared/auditing/AuditCategory.java. Using fallback presentation compiler.
2026.04.21 11:36:42 INFO  no build target found for /home/okemwag/Downloads/elitebet/src/main/java/com/okemwag/elitebet/shared/auditing/AuditContext.java. Using fallback presentation compiler.
2026.04.21 11:36:42 INFO  no build target found for /home/okemwag/Downloads/elitebet/src/main/java/com/okemwag/elitebet/shared/auditing/AuditContext.java. Using fallback presentation compiler.
2026.04.21 11:36:42 INFO  no build target found for /home/okemwag/Downloads/elitebet/src/main/java/com/okemwag/elitebet/shared/auditing/AuditContext.java. Using fallback presentation compiler.
2026.04.21 11:36:44 INFO  no build target found for /home/okemwag/Downloads/elitebet/src/main/java/com/okemwag/elitebet/shared/auditing/AuditContext.java. Using fallback presentation compiler.
2026.04.21 11:36:44 INFO  no build target found for /home/okemwag/Downloads/elitebet/src/main/java/com/okemwag/elitebet/shared/auditing/AuditEventPublisher.java. Using fallback presentation compiler.
2026.04.21 11:36:44 INFO  no build target found for /home/okemwag/Downloads/elitebet/src/main/java/com/okemwag/elitebet/shared/auditing/AuditEventPublisher.java. Using fallback presentation compiler.
2026.04.21 11:36:44 INFO  no build target found for /home/okemwag/Downloads/elitebet/src/main/java/com/okemwag/elitebet/shared/auditing/AuditEventPublisher.java. Using fallback presentation compiler.
2026.04.21 11:36:45 INFO  no build target found for /home/okemwag/Downloads/elitebet/src/main/java/com/okemwag/elitebet/shared/auditing/AuditEventPublisher.java. Using fallback presentation compiler.
2026.04.21 11:36:45 INFO  no build target found for /home/okemwag/Downloads/elitebet/src/main/java/com/okemwag/elitebet/shared/auditing/AuditMetadata.java. Using fallback presentation compiler.
Apr 21, 2026 11:36:45 AM org.eclipse.lsp4j.jsonrpc.RemoteEndpoint handleCancellation
WARNING: Unmatched cancel notification for request id 128
2026.04.21 11:36:45 INFO  no build target found for /home/okemwag/Downloads/elitebet/src/main/java/com/okemwag/elitebet/shared/auditing/AuditMetadata.java. Using fallback presentation compiler.
2026.04.21 11:36:45 INFO  no build target found for /home/okemwag/Downloads/elitebet/src/main/java/com/okemwag/elitebet/shared/auditing/AuditMetadata.java. Using fallback presentation compiler.
2026.04.21 11:36:48 INFO  no build target found for /home/okemwag/Downloads/elitebet/src/main/java/com/okemwag/elitebet/shared/auditing/AuditMetadata.java. Using fallback presentation compiler.
2026.04.21 11:36:48 INFO  no build target found for /home/okemwag/Downloads/elitebet/src/main/java/com/okemwag/elitebet/shared/constants/ApplicationConstants.java. Using fallback presentation compiler.
2026.04.21 11:36:48 INFO  no build target found for /home/okemwag/Downloads/elitebet/src/main/java/com/okemwag/elitebet/shared/constants/ApplicationConstants.java. Using fallback presentation compiler.
2026.04.21 11:36:48 INFO  no build target found for /home/okemwag/Downloads/elitebet/src/main/java/com/okemwag/elitebet/shared/constants/ApplicationConstants.java. Using fallback presentation compiler.
2026.04.21 11:36:50 INFO  no build target found for /home/okemwag/Downloads/elitebet/src/main/java/com/okemwag/elitebet/shared/constants/ApplicationConstants.java. Using fallback presentation compiler.
2026.04.21 11:36:50 INFO  no build target found for /home/okemwag/Downloads/elitebet/src/main/java/com/okemwag/elitebet/shared/events/DomainEvent.java. Using fallback presentation compiler.
2026.04.21 11:36:50 INFO  no build target found for /home/okemwag/Downloads/elitebet/src/main/java/com/okemwag/elitebet/shared/events/DomainEvent.java. Using fallback presentation compiler.
Apr 21, 2026 11:36:50 AM org.eclipse.lsp4j.jsonrpc.RemoteEndpoint handleCancellation
WARNING: Unmatched cancel notification for request id 146
2026.04.21 11:36:50 INFO  no build target found for /home/okemwag/Downloads/elitebet/src/main/java/com/okemwag/elitebet/shared/events/DomainEvent.java. Using fallback presentation compiler.
2026.04.21 11:36:52 INFO  no build target found for /home/okemwag/Downloads/elitebet/src/main/java/com/okemwag/elitebet/shared/events/DomainEvent.java. Using fallback presentation compiler.
2026.04.21 11:36:52 INFO  no build target found for /home/okemwag/Downloads/elitebet/src/main/java/com/okemwag/elitebet/shared/events/EventEnvelope.java. Using fallback presentation compiler.
2026.04.21 11:36:52 INFO  no build target found for /home/okemwag/Downloads/elitebet/src/main/java/com/okemwag/elitebet/shared/events/EventEnvelope.java. Using fallback presentation compiler.
2026.04.21 11:36:52 INFO  no build target found for /home/okemwag/Downloads/elitebet/src/main/java/com/okemwag/elitebet/shared/events/EventEnvelope.java. Using fallback presentation compiler.
2026.04.21 11:36:53 INFO  no build target found for /home/okemwag/Downloads/elitebet/src/main/java/com/okemwag/elitebet/shared/events/EventEnvelope.java. Using fallback presentation compiler.
2026.04.21 11:36:53 INFO  no build target found for /home/okemwag/Downloads/elitebet/src/main/java/com/okemwag/elitebet/shared/events/IntegrationEvent.java. Using fallback presentation compiler.
2026.04.21 11:36:54 INFO  no build target found for /home/okemwag/Downloads/elitebet/src/main/java/com/okemwag/elitebet/shared/events/IntegrationEvent.java. Using fallback presentation compiler.
2026.04.21 11:36:53 INFO  no build target found for /home/okemwag/Downloads/elitebet/src/main/java/com/okemwag/elitebet/shared/events/IntegrationEvent.java. Using fallback presentation compiler.
2026.04.21 11:36:55 INFO  no build target found for /home/okemwag/Downloads/elitebet/src/main/java/com/okemwag/elitebet/shared/events/IntegrationEvent.java. Using fallback presentation compiler.
2026.04.21 11:36:55 INFO  no build target found for /home/okemwag/Downloads/elitebet/src/main/java/com/okemwag/elitebet/shared/idempotency/IdempotencyRecord.java. Using fallback presentation compiler.
2026.04.21 11:36:55 INFO  no build target found for /home/okemwag/Downloads/elitebet/src/main/java/com/okemwag/elitebet/shared/idempotency/IdempotencyRecord.java. Using fallback presentation compiler.
2026.04.21 11:36:55 INFO  no build target found for /home/okemwag/Downloads/elitebet/src/main/java/com/okemwag/elitebet/shared/idempotency/IdempotencyRecord.java. Using fallback presentation compiler.
2026.04.21 11:36:58 INFO  no build target found for /home/okemwag/Downloads/elitebet/src/main/java/com/okemwag/elitebet/shared/idempotency/IdempotencyRecord.java. Using fallback presentation compiler.
2026.04.21 11:36:58 INFO  no build target found for /home/okemwag/Downloads/elitebet/src/main/java/com/okemwag/elitebet/shared/util/TimeUtils.java. Using fallback presentation compiler.
2026.04.21 11:36:58 INFO  no build target found for /home/okemwag/Downloads/elitebet/src/main/java/com/okemwag/elitebet/shared/util/TimeUtils.java. Using fallback presentation compiler.
2026.04.21 11:36:58 INFO  no build target found for /home/okemwag/Downloads/elitebet/src/main/java/com/okemwag/elitebet/shared/util/TimeUtils.java. Using fallback presentation compiler.
2026.04.21 11:37:00 INFO  no build target found for /home/okemwag/Downloads/elitebet/src/main/java/com/okemwag/elitebet/shared/util/TimeUtils.java. Using fallback presentation compiler.
2026.04.21 11:37:00 INFO  no build target found for /home/okemwag/Downloads/elitebet/src/main/java/com/okemwag/elitebet/shared/validation/Money.java. Using fallback presentation compiler.
2026.04.21 11:37:00 INFO  no build target found for /home/okemwag/Downloads/elitebet/src/main/java/com/okemwag/elitebet/shared/validation/Money.java. Using fallback presentation compiler.
2026.04.21 11:37:00 INFO  no build target found for /home/okemwag/Downloads/elitebet/src/main/java/com/okemwag/elitebet/shared/validation/Money.java. Using fallback presentation compiler.
2026.04.21 11:37:01 INFO  no build target found for /home/okemwag/Downloads/elitebet/src/main/java/com/okemwag/elitebet/shared/validation/Money.java. Using fallback presentation compiler.
2026.04.21 11:37:01 INFO  no build target found for /home/okemwag/Downloads/elitebet/src/main/java/com/okemwag/elitebet/shared/validation/NoFutureDate.java. Using fallback presentation compiler.
2026.04.21 11:37:01 INFO  no build target found for /home/okemwag/Downloads/elitebet/src/main/java/com/okemwag/elitebet/shared/validation/NoFutureDate.java. Using fallback presentation compiler.
2026.04.21 11:37:01 INFO  no build target found for /home/okemwag/Downloads/elitebet/src/main/java/com/okemwag/elitebet/shared/validation/NoFutureDate.java. Using fallback presentation compiler.
2026.04.21 11:38:21 INFO  no build target found for /home/okemwag/Downloads/elitebet/src/main/java/com/okemwag/elitebet/shared/validation/NoFutureDate.java. Using fallback presentation compiler.
2026.04.21 11:38:21 INFO  no build target found for /home/okemwag/Downloads/elitebet/src/main/java/com/okemwag/elitebet/authentication/api/AuthenticationController.java. Using fallback presentation compiler.
2026.04.21 11:38:21 INFO  no build target found for /home/okemwag/Downloads/elitebet/src/main/java/com/okemwag/elitebet/authentication/api/AuthenticationController.java. Using fallback presentation compiler.
2026.04.21 11:38:21 INFO  no build target found for /home/okemwag/Downloads/elitebet/src/main/java/com/okemwag/elitebet/authentication/api/AuthenticationController.java. Using fallback presentation compiler.
2026.04.21 11:38:23 INFO  no build target found for /home/okemwag/Downloads/elitebet/src/main/java/com/okemwag/elitebet/authentication/api/AuthenticationController.java. Using fallback presentation compiler.
2026.04.21 11:38:23 INFO  no build target found for /home/okemwag/Downloads/elitebet/src/main/java/com/okemwag/elitebet/authentication/api/SessionController.java. Using fallback presentation compiler.
2026.04.21 11:38:23 INFO  no build target found for /home/okemwag/Downloads/elitebet/src/main/java/com/okemwag/elitebet/authentication/api/SessionController.java. Using fallback presentation compiler.
2026.04.21 11:38:23 INFO  no build target found for /home/okemwag/Downloads/elitebet/src/main/java/com/okemwag/elitebet/authentication/api/SessionController.java. Using fallback presentation compiler.
2026.04.21 11:38:24 INFO  no build target found for /home/okemwag/Downloads/elitebet/src/main/java/com/okemwag/elitebet/authentication/api/SessionController.java. Using fallback presentation compiler.
2026.04.21 11:38:24 INFO  no build target found for /home/okemwag/Downloads/elitebet/src/main/java/com/okemwag/elitebet/authentication/application/AccountAccessService.java. Using fallback presentation compiler.
2026.04.21 11:38:24 INFO  no build target found for /home/okemwag/Downloads/elitebet/src/main/java/com/okemwag/elitebet/authentication/application/AccountAccessService.java. Using fallback presentation compiler.
2026.04.21 11:38:24 INFO  no build target found for /home/okemwag/Downloads/elitebet/src/main/java/com/okemwag/elitebet/authentication/application/AccountAccessService.java. Using fallback presentation compiler.
2026.04.21 11:38:42 INFO  no build target found for /home/okemwag/Downloads/elitebet/src/main/java/com/okemwag/elitebet/authentication/application/AccountAccessService.java. Using fallback presentation compiler.
2026.04.21 11:38:42 INFO  no build target found for /home/okemwag/Downloads/elitebet/src/main/java/com/okemwag/elitebet/authentication/package-info.java. Using fallback presentation compiler.
2026.04.21 11:38:43 WARN  no build target for: /home/okemwag/Downloads/elitebet/src/main/java/com/okemwag/elitebet/authentication/package-info.java
2026.04.21 11:38:42 INFO  no build target found for /home/okemwag/Downloads/elitebet/src/main/java/com/okemwag/elitebet/authentication/package-info.java. Using fallback presentation compiler.
2026.04.21 11:38:43 INFO  no build target found for /home/okemwag/Downloads/elitebet/src/main/java/com/okemwag/elitebet/authentication/package-info.java. Using fallback presentation compiler.
2026.04.21 11:38:44 INFO  no build target found for /home/okemwag/Downloads/elitebet/src/main/java/com/okemwag/elitebet/EliteBetApplication.java. Using fallback presentation compiler.
2026.04.21 11:38:44 INFO  no build target found for /home/okemwag/Downloads/elitebet/src/main/java/com/okemwag/elitebet/admin/package-info.java. Using fallback presentation compiler.
2026.04.21 11:38:44 INFO  no build target found for /home/okemwag/Downloads/elitebet/src/main/java/com/okemwag/elitebet/betting/package-info.java. Using fallback presentation compiler.
2026.04.21 11:38:44 INFO  no build target found for /home/okemwag/Downloads/elitebet/src/main/java/com/okemwag/elitebet/kyc/package-info.java. Using fallback presentation compiler.
2026.04.21 11:38:44 INFO  no build target found for /home/okemwag/Downloads/elitebet/src/main/java/com/okemwag/elitebet/notifications/package-info.java. Using fallback presentation compiler.
2026.04.21 11:38:44 INFO  no build target found for /home/okemwag/Downloads/elitebet/src/main/java/com/okemwag/elitebet/payments/package-info.java. Using fallback presentation compiler.
2026.04.21 11:38:44 INFO  no build target found for /home/okemwag/Downloads/elitebet/src/main/java/com/okemwag/elitebet/responsiblegaming/package-info.java. Using fallback presentation compiler.
2026.04.21 11:38:44 INFO  no build target found for /home/okemwag/Downloads/elitebet/src/main/java/com/okemwag/elitebet/risk/package-info.java. Using fallback presentation compiler.
2026.04.21 11:38:44 INFO  no build target found for /home/okemwag/Downloads/elitebet/src/main/java/com/okemwag/elitebet/settlement/package-info.java. Using fallback presentation compiler.
2026.04.21 11:38:44 INFO  no build target found for /home/okemwag/Downloads/elitebet/src/main/java/com/okemwag/elitebet/shared/config/AsyncConfig.java. Using fallback presentation compiler.
2026.04.21 11:38:44 INFO  no build target found for /home/okemwag/Downloads/elitebet/src/main/java/com/okemwag/elitebet/shared/config/CacheConfig.java. Using fallback presentation compiler.
2026.04.21 11:38:44 INFO  no build target found for /home/okemwag/Downloads/elitebet/src/main/java/com/okemwag/elitebet/shared/config/ClockConfig.java. Using fallback presentation compiler.
2026.04.21 11:38:44 INFO  no build target found for /home/okemwag/Downloads/elitebet/src/main/java/com/okemwag/elitebet/shared/config/JacksonConfig.java. Using fallback presentation compiler.
2026.04.21 11:38:44 INFO  no build target found for /home/okemwag/Downloads/elitebet/src/main/java/com/okemwag/elitebet/shared/config/OpenApiConfig.java. Using fallback presentation compiler.
2026.04.21 11:38:44 INFO  no build target found for /home/okemwag/Downloads/elitebet/src/main/java/com/okemwag/elitebet/shared/config/WebMvcConfig.java. Using fallback presentation compiler.
2026.04.21 11:38:44 INFO  no build target found for /home/okemwag/Downloads/elitebet/src/main/java/com/okemwag/elitebet/shared/exception/ApiError.java. Using fallback presentation compiler.
2026.04.21 11:38:44 INFO  no build target found for /home/okemwag/Downloads/elitebet/src/main/java/com/okemwag/elitebet/shared/exception/BusinessException.java. Using fallback presentation compiler.
2026.04.21 11:38:44 INFO  no build target found for /home/okemwag/Downloads/elitebet/src/main/java/com/okemwag/elitebet/shared/exception/ConflictException.java. Using fallback presentation compiler.
2026.04.21 11:38:44 INFO  no build target found for /home/okemwag/Downloads/elitebet/src/main/java/com/okemwag/elitebet/shared/exception/ErrorCode.java. Using fallback presentation compiler.
2026.04.21 11:38:44 INFO  no build target found for /home/okemwag/Downloads/elitebet/src/main/java/com/okemwag/elitebet/shared/exception/ExternalIntegrationException.java. Using fallback presentation compiler.
2026.04.21 11:38:44 INFO  no build target found for /home/okemwag/Downloads/elitebet/src/main/java/com/okemwag/elitebet/shared/exception/ForbiddenOperationException.java. Using fallback presentation compiler.
2026.04.21 11:38:44 INFO  no build target found for /home/okemwag/Downloads/elitebet/src/main/java/com/okemwag/elitebet/shared/exception/GlobalExceptionHandler.java. Using fallback presentation compiler.
2026.04.21 11:38:44 INFO  no build target found for /home/okemwag/Downloads/elitebet/src/main/java/com/okemwag/elitebet/shared/exception/NotFoundException.java. Using fallback presentation compiler.
2026.04.21 11:38:44 INFO  no build target found for /home/okemwag/Downloads/elitebet/src/main/java/com/okemwag/elitebet/shared/exception/ValidationException.java. Using fallback presentation compiler.
2026.04.21 11:38:44 INFO  no build target found for /home/okemwag/Downloads/elitebet/src/main/java/com/okemwag/elitebet/shared/package-info.java. Using fallback presentation compiler.
2026.04.21 11:38:45 INFO  no build target found for /home/okemwag/Downloads/elitebet/src/main/java/com/okemwag/elitebet/shared/response/ApiResponse.java. Using fallback presentation compiler.
2026.04.21 11:38:45 INFO  no build target found for /home/okemwag/Downloads/elitebet/src/main/java/com/okemwag/elitebet/shared/response/CursorPageResponse.java. Using fallback presentation compiler.
2026.04.21 11:38:45 INFO  no build target found for /home/okemwag/Downloads/elitebet/src/main/java/com/okemwag/elitebet/shared/response/PagedResponse.java. Using fallback presentation compiler.
2026.04.21 11:38:45 INFO  no build target found for /home/okemwag/Downloads/elitebet/src/main/java/com/okemwag/elitebet/shared/security/CurrentUser.java. Using fallback presentation compiler.
2026.04.21 11:38:45 INFO  no build target found for /home/okemwag/Downloads/elitebet/src/main/java/com/okemwag/elitebet/shared/security/CurrentUserProvider.java. Using fallback presentation compiler.
2026.04.21 11:38:45 INFO  no build target found for /home/okemwag/Downloads/elitebet/src/main/java/com/okemwag/elitebet/shared/security/JwtAuthenticationConverter.java. Using fallback presentation compiler.
2026.04.21 11:38:45 INFO  no build target found for /home/okemwag/Downloads/elitebet/src/main/java/com/okemwag/elitebet/shared/security/PermissionConstants.java. Using fallback presentation compiler.
2026.04.21 11:38:45 INFO  no build target found for /home/okemwag/Downloads/elitebet/src/main/java/com/okemwag/elitebet/shared/security/RoleConstants.java. Using fallback presentation compiler.
2026.04.21 11:38:45 INFO  no build target found for /home/okemwag/Downloads/elitebet/src/main/java/com/okemwag/elitebet/shared/security/SecurityConfig.java. Using fallback presentation compiler.
2026.04.21 11:38:45 INFO  no build target found for /home/okemwag/Downloads/elitebet/src/main/java/com/okemwag/elitebet/shared/security/SecurityUtils.java. Using fallback presentation compiler.
2026.04.21 11:38:45 INFO  no build target found for /home/okemwag/Downloads/elitebet/src/main/java/com/okemwag/elitebet/sportsbook/package-info.java. Using fallback presentation compiler.
2026.04.21 11:38:45 INFO  no build target found for /home/okemwag/Downloads/elitebet/src/main/java/com/okemwag/elitebet/user/package-info.java. Using fallback presentation compiler.
2026.04.21 11:38:45 INFO  no build target found for /home/okemwag/Downloads/elitebet/src/main/java/com/okemwag/elitebet/wallet/package-info.java. Using fallback presentation compiler.
2026.04.21 11:38:45 INFO  no build target found for /home/okemwag/Downloads/elitebet/src/test/java/com/okemwag/elitebet/EliteBetApplicationTests.java. Using fallback presentation compiler.
2026.04.21 11:38:45 INFO  no build target found for /home/okemwag/Downloads/elitebet/src/test/java/com/okemwag/elitebet/EliteBetModuleArchitectureTests.java. Using fallback presentation compiler.
2026.04.21 11:39:53 INFO  no build target found for /home/okemwag/Downloads/elitebet/src/main/java/com/okemwag/elitebet/authentication/package-info.java. Using fallback presentation compiler.
2026.04.21 11:39:53 INFO  no build target found for /home/okemwag/Downloads/elitebet/src/main/java/com/okemwag/elitebet/authentication/api/AuthenticationController.java. Using fallback presentation compiler.
2026.04.21 11:39:53 INFO  no build target found for /home/okemwag/Downloads/elitebet/src/main/java/com/okemwag/elitebet/authentication/api/AuthenticationController.java. Using fallback presentation compiler.
2026.04.21 11:39:53 INFO  no build target found for /home/okemwag/Downloads/elitebet/src/main/java/com/okemwag/elitebet/authentication/api/AuthenticationController.java. Using fallback presentation compiler.
2026.04.21 11:39:55 INFO  no build target found for /home/okemwag/Downloads/elitebet/src/main/java/com/okemwag/elitebet/authentication/api/AuthenticationController.java. Using fallback presentation compiler.
2026.04.21 11:39:55 INFO  no build target found for /home/okemwag/Downloads/elitebet/src/main/java/com/okemwag/elitebet/authentication/api/SessionController.java. Using fallback presentation compiler.
2026.04.21 11:39:55 INFO  no build target found for /home/okemwag/Downloads/elitebet/src/main/java/com/okemwag/elitebet/authentication/api/SessionController.java. Using fallback presentation compiler.
2026.04.21 11:39:56 INFO  no build target found for /home/okemwag/Downloads/elitebet/src/main/java/com/okemwag/elitebet/authentication/api/SessionController.java. Using fallback presentation compiler.
2026.04.21 11:40:07 INFO  no build target found for /home/okemwag/Downloads/elitebet/src/main/java/com/okemwag/elitebet/authentication/api/SessionController.java. Using fallback presentation compiler.
2026.04.21 11:40:07 INFO  no build target found for /home/okemwag/Downloads/elitebet/src/main/java/com/okemwag/elitebet/authentication/application/AccountAccessService.java. Using fallback presentation compiler.
2026.04.21 11:40:07 INFO  no build target found for /home/okemwag/Downloads/elitebet/src/main/java/com/okemwag/elitebet/authentication/application/AccountAccessService.java. Using fallback presentation compiler.
2026.04.21 11:40:07 INFO  no build target found for /home/okemwag/Downloads/elitebet/src/main/java/com/okemwag/elitebet/authentication/application/AccountAccessService.java. Using fallback presentation compiler.
2026.04.21 11:40:09 INFO  no build target found for /home/okemwag/Downloads/elitebet/src/main/java/com/okemwag/elitebet/authentication/application/AccountAccessService.java. Using fallback presentation compiler.
2026.04.21 11:40:09 INFO  no build target found for /home/okemwag/Downloads/elitebet/src/main/java/com/okemwag/elitebet/authentication/application/AuthenticationPolicyService.java. Using fallback presentation compiler.
2026.04.21 11:40:09 INFO  no build target found for /home/okemwag/Downloads/elitebet/src/main/java/com/okemwag/elitebet/authentication/application/AuthenticationPolicyService.java. Using fallback presentation compiler.
2026.04.21 11:40:09 INFO  no build target found for /home/okemwag/Downloads/elitebet/src/main/java/com/okemwag/elitebet/authentication/application/AuthenticationPolicyService.java. Using fallback presentation compiler.
2026.04.21 11:40:12 INFO  no build target found for /home/okemwag/Downloads/elitebet/src/main/java/com/okemwag/elitebet/authentication/application/AuthenticationPolicyService.java. Using fallback presentation compiler.
2026.04.21 11:40:12 INFO  no build target found for /home/okemwag/Downloads/elitebet/src/main/java/com/okemwag/elitebet/authentication/application/RegistrationService.java. Using fallback presentation compiler.
2026.04.21 11:40:12 INFO  no build target found for /home/okemwag/Downloads/elitebet/src/main/java/com/okemwag/elitebet/authentication/application/RegistrationService.java. Using fallback presentation compiler.
2026.04.21 11:40:12 INFO  no build target found for /home/okemwag/Downloads/elitebet/src/main/java/com/okemwag/elitebet/authentication/application/RegistrationService.java. Using fallback presentation compiler.
2026.04.21 11:40:14 INFO  no build target found for /home/okemwag/Downloads/elitebet/src/main/java/com/okemwag/elitebet/authentication/application/RegistrationService.java. Using fallback presentation compiler.
2026.04.21 11:40:14 INFO  no build target found for /home/okemwag/Downloads/elitebet/src/main/java/com/okemwag/elitebet/authentication/application/RoleAssignmentService.java. Using fallback presentation compiler.
2026.04.21 11:40:14 INFO  no build target found for /home/okemwag/Downloads/elitebet/src/main/java/com/okemwag/elitebet/authentication/application/RoleAssignmentService.java. Using fallback presentation compiler.
2026.04.21 11:40:14 INFO  no build target found for /home/okemwag/Downloads/elitebet/src/main/java/com/okemwag/elitebet/authentication/application/RoleAssignmentService.java. Using fallback presentation compiler.
2026.04.21 11:40:22 INFO  no build target found for /home/okemwag/Downloads/elitebet/src/main/java/com/okemwag/elitebet/authentication/application/RoleAssignmentService.java. Using fallback presentation compiler.
2026.04.21 11:40:22 INFO  no build target found for /home/okemwag/Downloads/elitebet/src/main/java/com/okemwag/elitebet/authentication/application/SessionService.java. Using fallback presentation compiler.
2026.04.21 11:40:22 INFO  no build target found for /home/okemwag/Downloads/elitebet/src/main/java/com/okemwag/elitebet/authentication/application/SessionService.java. Using fallback presentation compiler.
2026.04.21 11:40:22 INFO  no build target found for /home/okemwag/Downloads/elitebet/src/main/java/com/okemwag/elitebet/authentication/application/SessionService.java. Using fallback presentation compiler.
2026.04.21 11:40:24 INFO  no build target found for /home/okemwag/Downloads/elitebet/src/main/java/com/okemwag/elitebet/authentication/application/SessionService.java. Using fallback presentation compiler.
2026.04.21 11:40:24 INFO  no build target found for /home/okemwag/Downloads/elitebet/src/main/java/com/okemwag/elitebet/authentication/application/RoleAssignmentService.java. Using fallback presentation compiler.
2026.04.21 11:40:24 INFO  no build target found for /home/okemwag/Downloads/elitebet/src/main/java/com/okemwag/elitebet/authentication/application/RoleAssignmentService.java. Using fallback presentation compiler.
2026.04.21 11:40:24 INFO  no build target found for /home/okemwag/Downloads/elitebet/src/main/java/com/okemwag/elitebet/authentication/application/RoleAssignmentService.java. Using fallback presentation compiler.
2026.04.21 11:40:25 INFO  no build target found for /home/okemwag/Downloads/elitebet/src/main/java/com/okemwag/elitebet/authentication/application/RoleAssignmentService.java. Using fallback presentation compiler.
2026.04.21 11:40:25 INFO  no build target found for /home/okemwag/Downloads/elitebet/src/main/java/com/okemwag/elitebet/authentication/application/RegistrationService.java. Using fallback presentation compiler.
2026.04.21 11:40:25 INFO  no build target found for /home/okemwag/Downloads/elitebet/src/main/java/com/okemwag/elitebet/authentication/application/RegistrationService.java. Using fallback presentation compiler.
2026.04.21 11:40:25 INFO  no build target found for /home/okemwag/Downloads/elitebet/src/main/java/com/okemwag/elitebet/authentication/application/RegistrationService.java. Using fallback presentation compiler.
2026.04.21 11:40:26 INFO  no build target found for /home/okemwag/Downloads/elitebet/src/main/java/com/okemwag/elitebet/authentication/application/RegistrationService.java. Using fallback presentation compiler.
2026.04.21 11:40:26 INFO  no build target found for /home/okemwag/Downloads/elitebet/src/main/java/com/okemwag/elitebet/authentication/application/AuthenticationPolicyService.java. Using fallback presentation compiler.
2026.04.21 11:40:26 INFO  no build target found for /home/okemwag/Downloads/elitebet/src/main/java/com/okemwag/elitebet/authentication/application/AuthenticationPolicyService.java. Using fallback presentation compiler.
2026.04.21 11:40:26 INFO  no build target found for /home/okemwag/Downloads/elitebet/src/main/java/com/okemwag/elitebet/authentication/application/AuthenticationPolicyService.java. Using fallback presentation compiler.
2026.04.21 11:40:28 INFO  no build target found for /home/okemwag/Downloads/elitebet/src/main/java/com/okemwag/elitebet/authentication/application/AuthenticationPolicyService.java. Using fallback presentation compiler.
2026.04.21 11:40:28 INFO  no build target found for /home/okemwag/Downloads/elitebet/src/main/java/com/okemwag/elitebet/authentication/application/AccountAccessService.java. Using fallback presentation compiler.
2026.04.21 11:40:28 INFO  no build target found for /home/okemwag/Downloads/elitebet/src/main/java/com/okemwag/elitebet/authentication/application/AccountAccessService.java. Using fallback presentation compiler.
2026.04.21 11:40:28 INFO  no build target found for /home/okemwag/Downloads/elitebet/src/main/java/com/okemwag/elitebet/authentication/application/AccountAccessService.java. Using fallback presentation compiler.
2026.04.21 11:40:34 INFO  no build target found for /home/okemwag/Downloads/elitebet/src/main/java/com/okemwag/elitebet/authentication/application/AccountAccessService.java. Using fallback presentation compiler.
2026.04.21 11:40:34 INFO  no build target found for /home/okemwag/Downloads/elitebet/src/main/java/com/okemwag/elitebet/authentication/domain/model/AuthAccount.java. Using fallback presentation compiler.
2026.04.21 11:40:34 INFO  no build target found for /home/okemwag/Downloads/elitebet/src/main/java/com/okemwag/elitebet/authentication/domain/model/AuthAccount.java. Using fallback presentation compiler.
2026.04.21 11:40:34 INFO  no build target found for /home/okemwag/Downloads/elitebet/src/main/java/com/okemwag/elitebet/authentication/domain/model/AuthAccount.java. Using fallback presentation compiler.
2026.04.21 11:40:36 INFO  no build target found for /home/okemwag/Downloads/elitebet/src/main/java/com/okemwag/elitebet/authentication/domain/model/AuthAccount.java. Using fallback presentation compiler.
2026.04.21 11:40:36 INFO  no build target found for /home/okemwag/Downloads/elitebet/src/main/java/com/okemwag/elitebet/authentication/domain/model/AuthIdentity.java. Using fallback presentation compiler.
2026.04.21 11:40:36 INFO  no build target found for /home/okemwag/Downloads/elitebet/src/main/java/com/okemwag/elitebet/authentication/domain/model/AuthIdentity.java. Using fallback presentation compiler.
2026.04.21 11:40:36 INFO  no build target found for /home/okemwag/Downloads/elitebet/src/main/java/com/okemwag/elitebet/authentication/domain/model/AuthIdentity.java. Using fallback presentation compiler.
2026.04.21 11:40:38 INFO  no build target found for /home/okemwag/Downloads/elitebet/src/main/java/com/okemwag/elitebet/authentication/domain/model/AuthIdentity.java. Using fallback presentation compiler.
2026.04.21 11:40:38 INFO  no build target found for /home/okemwag/Downloads/elitebet/src/main/java/com/okemwag/elitebet/authentication/domain/model/SessionPolicy.java. Using fallback presentation compiler.
2026.04.21 11:40:38 INFO  no build target found for /home/okemwag/Downloads/elitebet/src/main/java/com/okemwag/elitebet/authentication/domain/model/SessionPolicy.java. Using fallback presentation compiler.
2026.04.21 11:40:38 INFO  no build target found for /home/okemwag/Downloads/elitebet/src/main/java/com/okemwag/elitebet/authentication/domain/model/SessionPolicy.java. Using fallback presentation compiler.
2026.04.21 11:40:39 INFO  no build target found for /home/okemwag/Downloads/elitebet/src/main/java/com/okemwag/elitebet/authentication/domain/model/SessionPolicy.java. Using fallback presentation compiler.
2026.04.21 11:40:39 INFO  no build target found for /home/okemwag/Downloads/elitebet/src/main/java/com/okemwag/elitebet/authentication/domain/model/MfaPolicy.java. Using fallback presentation compiler.
2026.04.21 11:40:39 INFO  no build target found for /home/okemwag/Downloads/elitebet/src/main/java/com/okemwag/elitebet/authentication/domain/model/MfaPolicy.java. Using fallback presentation compiler.
2026.04.21 11:40:39 INFO  no build target found for /home/okemwag/Downloads/elitebet/src/main/java/com/okemwag/elitebet/authentication/domain/model/MfaPolicy.java. Using fallback presentation compiler.
2026.04.21 11:41:35 INFO  no build target found for /home/okemwag/Downloads/elitebet/src/main/java/com/okemwag/elitebet/authentication/domain/model/MfaPolicy.java. Using fallback presentation compiler.
2026.04.21 11:41:35 INFO  no build target found for /home/okemwag/Downloads/elitebet/src/main/java/com/okemwag/elitebet/wallet/infrastructure/persistence/entity/WalletTransactionEntity.java. Using fallback presentation compiler.
2026.04.21 11:41:35 INFO  no build target found for /home/okemwag/Downloads/elitebet/src/main/java/com/okemwag/elitebet/wallet/infrastructure/persistence/entity/WalletTransactionEntity.java. Using fallback presentation compiler.
2026.04.21 11:41:36 INFO  no build target found for /home/okemwag/Downloads/elitebet/src/main/java/com/okemwag/elitebet/wallet/infrastructure/persistence/entity/WalletTransactionEntity.java. Using fallback presentation compiler.
2026.04.21 11:41:46 INFO  no build target found for /home/okemwag/Downloads/elitebet/src/main/java/com/okemwag/elitebet/authentication/api/AuthenticationController.java. Using fallback presentation compiler.
2026.04.21 11:41:46 INFO  no build target found for /home/okemwag/Downloads/elitebet/src/main/java/com/okemwag/elitebet/authentication/api/SessionController.java. Using fallback presentation compiler.
2026.04.21 11:41:46 INFO  no build target found for /home/okemwag/Downloads/elitebet/src/main/java/com/okemwag/elitebet/authentication/application/AccountAccessService.java. Using fallback presentation compiler.
2026.04.21 11:41:46 INFO  no build target found for /home/okemwag/Downloads/elitebet/src/main/java/com/okemwag/elitebet/authentication/application/AuthenticationPolicyService.java. Using fallback presentation compiler.
2026.04.21 11:41:46 INFO  no build target found for /home/okemwag/Downloads/elitebet/src/main/java/com/okemwag/elitebet/authentication/application/RegistrationService.java. Using fallback presentation compiler.
2026.04.21 11:41:46 INFO  no build target found for /home/okemwag/Downloads/elitebet/src/main/java/com/okemwag/elitebet/authentication/application/RoleAssignmentService.java. Using fallback presentation compiler.
2026.04.21 11:41:46 INFO  no build target found for /home/okemwag/Downloads/elitebet/src/main/java/com/okemwag/elitebet/authentication/application/SessionService.java. Using fallback presentation compiler.
2026.04.21 11:41:46 INFO  no build target found for /home/okemwag/Downloads/elitebet/src/main/java/com/okemwag/elitebet/authentication/domain/enums/AccountStatus.java. Using fallback presentation compiler.
2026.04.21 11:41:46 INFO  no build target found for /home/okemwag/Downloads/elitebet/src/main/java/com/okemwag/elitebet/authentication/domain/enums/AuthProvider.java. Using fallback presentation compiler.
2026.04.21 11:41:46 INFO  no build target found for /home/okemwag/Downloads/elitebet/src/main/java/com/okemwag/elitebet/authentication/domain/enums/MfaStatus.java. Using fallback presentation compiler.
2026.04.21 11:41:46 INFO  no build target found for /home/okemwag/Downloads/elitebet/src/main/java/com/okemwag/elitebet/authentication/domain/model/AuthAccount.java. Using fallback presentation compiler.
2026.04.21 11:41:46 INFO  no build target found for /home/okemwag/Downloads/elitebet/src/main/java/com/okemwag/elitebet/authentication/domain/model/AuthIdentity.java. Using fallback presentation compiler.
2026.04.21 11:41:46 INFO  no build target found for /home/okemwag/Downloads/elitebet/src/main/java/com/okemwag/elitebet/authentication/domain/model/MfaPolicy.java. Using fallback presentation compiler.
2026.04.21 11:41:46 INFO  no build target found for /home/okemwag/Downloads/elitebet/src/main/java/com/okemwag/elitebet/authentication/domain/model/SessionPolicy.java. Using fallback presentation compiler.
2026.04.21 11:41:46 INFO  no build target found for /home/okemwag/Downloads/elitebet/src/main/java/com/okemwag/elitebet/authentication/domain/repository/AuthAccountRepository.java. Using fallback presentation compiler.
2026.04.21 11:41:46 INFO  no build target found for /home/okemwag/Downloads/elitebet/src/main/java/com/okemwag/elitebet/authentication/infrastructure/client/KeycloakAdminClient.java. Using fallback presentation compiler.
2026.04.21 11:41:46 INFO  no build target found for /home/okemwag/Downloads/elitebet/src/main/java/com/okemwag/elitebet/authentication/infrastructure/client/KeycloakRealmClient.java. Using fallback presentation compiler.
2026.04.21 11:41:46 INFO  no build target found for /home/okemwag/Downloads/elitebet/src/main/java/com/okemwag/elitebet/authentication/infrastructure/persistence/entity/AuthAccountEntity.java. Using fallback presentation compiler.
2026.04.21 11:41:46 INFO  no build target found for /home/okemwag/Downloads/elitebet/src/main/java/com/okemwag/elitebet/authentication/infrastructure/persistence/repository/JpaAuthAccountRepository.java. Using fallback presentation compiler.
2026.04.21 11:41:46 INFO  no build target found for /home/okemwag/Downloads/elitebet/src/main/java/com/okemwag/elitebet/authentication/mapper/AuthenticationMapper.java. Using fallback presentation compiler.
2026.04.21 11:41:46 INFO  no build target found for /home/okemwag/Downloads/elitebet/src/main/java/com/okemwag/elitebet/kyc/api/KycAdminController.java. Using fallback presentation compiler.
2026.04.21 11:41:46 INFO  no build target found for /home/okemwag/Downloads/elitebet/src/main/java/com/okemwag/elitebet/kyc/api/KycController.java. Using fallback presentation compiler.
2026.04.21 11:41:46 INFO  no build target found for /home/okemwag/Downloads/elitebet/src/main/java/com/okemwag/elitebet/kyc/api/KycWebhookController.java. Using fallback presentation compiler.
2026.04.21 11:41:46 INFO  no build target found for /home/okemwag/Downloads/elitebet/src/main/java/com/okemwag/elitebet/kyc/application/KycDecisionService.java. Using fallback presentation compiler.
2026.04.21 11:41:46 INFO  no build target found for /home/okemwag/Downloads/elitebet/src/main/java/com/okemwag/elitebet/kyc/application/KycRestrictionService.java. Using fallback presentation compiler.
2026.04.21 11:41:46 INFO  no build target found for /home/okemwag/Downloads/elitebet/src/main/java/com/okemwag/elitebet/kyc/application/KycService.java. Using fallback presentation compiler.
2026.04.21 11:41:46 INFO  no build target found for /home/okemwag/Downloads/elitebet/src/main/java/com/okemwag/elitebet/kyc/application/KycVerificationService.java. Using fallback presentation compiler.
2026.04.21 11:41:46 INFO  no build target found for /home/okemwag/Downloads/elitebet/src/main/java/com/okemwag/elitebet/kyc/domain/enums/KycDecisionStatus.java. Using fallback presentation compiler.
2026.04.21 11:41:46 INFO  no build target found for /home/okemwag/Downloads/elitebet/src/main/java/com/okemwag/elitebet/kyc/domain/enums/KycDocumentType.java. Using fallback presentation compiler.
2026.04.21 11:41:47 INFO  no build target found for /home/okemwag/Downloads/elitebet/src/main/java/com/okemwag/elitebet/kyc/domain/enums/KycFailureReason.java. Using fallback presentation compiler.
2026.04.21 11:41:47 INFO  no build target found for /home/okemwag/Downloads/elitebet/src/main/java/com/okemwag/elitebet/kyc/domain/enums/KycProvider.java. Using fallback presentation compiler.
2026.04.21 11:41:47 INFO  no build target found for /home/okemwag/Downloads/elitebet/src/main/java/com/okemwag/elitebet/kyc/domain/enums/KycStatus.java. Using fallback presentation compiler.
2026.04.21 11:41:47 INFO  no build target found for /home/okemwag/Downloads/elitebet/src/main/java/com/okemwag/elitebet/kyc/domain/model/KycDecision.java. Using fallback presentation compiler.
2026.04.21 11:41:47 INFO  no build target found for /home/okemwag/Downloads/elitebet/src/main/java/com/okemwag/elitebet/kyc/domain/model/KycDocument.java. Using fallback presentation compiler.
2026.04.21 11:41:47 INFO  no build target found for /home/okemwag/Downloads/elitebet/src/main/java/com/okemwag/elitebet/kyc/domain/model/KycProfile.java. Using fallback presentation compiler.
2026.04.21 11:41:47 INFO  no build target found for /home/okemwag/Downloads/elitebet/src/main/java/com/okemwag/elitebet/kyc/domain/model/KycRestriction.java. Using fallback presentation compiler.
2026.04.21 11:41:47 INFO  no build target found for /home/okemwag/Downloads/elitebet/src/main/java/com/okemwag/elitebet/kyc/domain/model/KycSubmission.java. Using fallback presentation compiler.
2026.04.21 11:41:47 INFO  no build target found for /home/okemwag/Downloads/elitebet/src/main/java/com/okemwag/elitebet/kyc/domain/model/KycVerificationResult.java. Using fallback presentation compiler.
2026.04.21 11:41:47 INFO  no build target found for /home/okemwag/Downloads/elitebet/src/main/java/com/okemwag/elitebet/kyc/domain/repository/KycDocumentRepository.java. Using fallback presentation compiler.
2026.04.21 11:41:47 INFO  no build target found for /home/okemwag/Downloads/elitebet/src/main/java/com/okemwag/elitebet/kyc/domain/repository/KycProfileRepository.java. Using fallback presentation compiler.
2026.04.21 11:41:47 INFO  no build target found for /home/okemwag/Downloads/elitebet/src/main/java/com/okemwag/elitebet/kyc/domain/repository/KycSubmissionRepository.java. Using fallback presentation compiler.
2026.04.21 11:41:47 INFO  no build target found for /home/okemwag/Downloads/elitebet/src/main/java/com/okemwag/elitebet/kyc/infrastructure/client/KycProviderClient.java. Using fallback presentation compiler.
2026.04.21 11:41:47 INFO  no build target found for /home/okemwag/Downloads/elitebet/src/main/java/com/okemwag/elitebet/kyc/infrastructure/persistence/entity/KycDocumentEntity.java. Using fallback presentation compiler.
2026.04.21 11:41:47 INFO  no build target found for /home/okemwag/Downloads/elitebet/src/main/java/com/okemwag/elitebet/kyc/infrastructure/persistence/entity/KycProfileEntity.java. Using fallback presentation compiler.
2026.04.21 11:41:47 INFO  no build target found for /home/okemwag/Downloads/elitebet/src/main/java/com/okemwag/elitebet/kyc/infrastructure/persistence/entity/KycSubmissionEntity.java. Using fallback presentation compiler.
2026.04.21 11:41:47 INFO  no build target found for /home/okemwag/Downloads/elitebet/src/main/java/com/okemwag/elitebet/kyc/infrastructure/persistence/repository/JpaKycSubmissionRepository.java. Using fallback presentation compiler.
2026.04.21 11:41:47 INFO  no build target found for /home/okemwag/Downloads/elitebet/src/main/java/com/okemwag/elitebet/kyc/mapper/KycMapper.java. Using fallback presentation compiler.
2026.04.21 11:41:47 INFO  no build target found for /home/okemwag/Downloads/elitebet/src/main/java/com/okemwag/elitebet/payments/api/PaymentsAdminController.java. Using fallback presentation compiler.
2026.04.21 11:41:47 INFO  no build target found for /home/okemwag/Downloads/elitebet/src/main/java/com/okemwag/elitebet/payments/api/PaymentsController.java. Using fallback presentation compiler.
2026.04.21 11:41:47 INFO  no build target found for /home/okemwag/Downloads/elitebet/src/main/java/com/okemwag/elitebet/payments/api/PaymentsWebhookController.java. Using fallback presentation compiler.
2026.04.21 11:41:47 INFO  no build target found for /home/okemwag/Downloads/elitebet/src/main/java/com/okemwag/elitebet/payments/application/DepositService.java. Using fallback presentation compiler.
2026.04.21 11:41:47 INFO  no build target found for /home/okemwag/Downloads/elitebet/src/main/java/com/okemwag/elitebet/payments/application/PaymentCallbackService.java. Using fallback presentation compiler.
2026.04.21 11:41:47 INFO  no build target found for /home/okemwag/Downloads/elitebet/src/main/java/com/okemwag/elitebet/payments/application/PaymentProviderRoutingService.java. Using fallback presentation compiler.
2026.04.21 11:41:47 INFO  no build target found for /home/okemwag/Downloads/elitebet/src/main/java/com/okemwag/elitebet/payments/application/PaymentReconciliationService.java. Using fallback presentation compiler.
2026.04.21 11:41:47 INFO  no build target found for /home/okemwag/Downloads/elitebet/src/main/java/com/okemwag/elitebet/payments/application/WithdrawalService.java. Using fallback presentation compiler.
2026.04.21 11:41:47 INFO  no build target found for /home/okemwag/Downloads/elitebet/src/main/java/com/okemwag/elitebet/payments/domain/enums/PaymentDirection.java. Using fallback presentation compiler.
2026.04.21 11:41:47 INFO  no build target found for /home/okemwag/Downloads/elitebet/src/main/java/com/okemwag/elitebet/payments/domain/enums/PaymentMethod.java. Using fallback presentation compiler.
2026.04.21 11:41:47 INFO  no build target found for /home/okemwag/Downloads/elitebet/src/main/java/com/okemwag/elitebet/payments/domain/enums/PaymentStatus.java. Using fallback presentation compiler.
2026.04.21 11:41:47 INFO  no build target found for /home/okemwag/Downloads/elitebet/src/main/java/com/okemwag/elitebet/payments/domain/enums/ProviderStatus.java. Using fallback presentation compiler.
2026.04.21 11:41:47 INFO  no build target found for /home/okemwag/Downloads/elitebet/src/main/java/com/okemwag/elitebet/payments/domain/model/Deposit.java. Using fallback presentation compiler.
2026.04.21 11:41:47 INFO  no build target found for /home/okemwag/Downloads/elitebet/src/main/java/com/okemwag/elitebet/payments/domain/model/PaymentProvider.java. Using fallback presentation compiler.
2026.04.21 11:41:47 INFO  no build target found for /home/okemwag/Downloads/elitebet/src/main/java/com/okemwag/elitebet/payments/domain/model/PaymentTransaction.java. Using fallback presentation compiler.
2026.04.21 11:41:47 INFO  no build target found for /home/okemwag/Downloads/elitebet/src/main/java/com/okemwag/elitebet/payments/domain/model/ProviderCallback.java. Using fallback presentation compiler.
2026.04.21 11:41:47 INFO  no build target found for /home/okemwag/Downloads/elitebet/src/main/java/com/okemwag/elitebet/payments/domain/model/Withdrawal.java. Using fallback presentation compiler.
2026.04.21 11:41:47 INFO  no build target found for /home/okemwag/Downloads/elitebet/src/main/java/com/okemwag/elitebet/payments/domain/repository/DepositRepository.java. Using fallback presentation compiler.
2026.04.21 11:41:47 INFO  no build target found for /home/okemwag/Downloads/elitebet/src/main/java/com/okemwag/elitebet/payments/domain/repository/ProviderCallbackRepository.java. Using fallback presentation compiler.
2026.04.21 11:41:47 INFO  no build target found for /home/okemwag/Downloads/elitebet/src/main/java/com/okemwag/elitebet/payments/domain/repository/WithdrawalRepository.java. Using fallback presentation compiler.
2026.04.21 11:41:47 INFO  no build target found for /home/okemwag/Downloads/elitebet/src/main/java/com/okemwag/elitebet/payments/infrastructure/client/FlutterwaveClient.java. Using fallback presentation compiler.
2026.04.21 11:41:47 INFO  no build target found for /home/okemwag/Downloads/elitebet/src/main/java/com/okemwag/elitebet/payments/infrastructure/client/MockPaymentProviderClient.java. Using fallback presentation compiler.
2026.04.21 11:41:48 INFO  no build target found for /home/okemwag/Downloads/elitebet/src/main/java/com/okemwag/elitebet/payments/infrastructure/client/MpesaClient.java. Using fallback presentation compiler.
2026.04.21 11:41:48 INFO  no build target found for /home/okemwag/Downloads/elitebet/src/main/java/com/okemwag/elitebet/payments/infrastructure/persistence/entity/DepositEntity.java. Using fallback presentation compiler.
2026.04.21 11:41:48 INFO  no build target found for /home/okemwag/Downloads/elitebet/src/main/java/com/okemwag/elitebet/payments/infrastructure/persistence/entity/ProviderCallbackEntity.java. Using fallback presentation compiler.
2026.04.21 11:41:48 INFO  no build target found for /home/okemwag/Downloads/elitebet/src/main/java/com/okemwag/elitebet/payments/infrastructure/persistence/entity/WithdrawalEntity.java. Using fallback presentation compiler.
2026.04.21 11:41:48 INFO  no build target found for /home/okemwag/Downloads/elitebet/src/main/java/com/okemwag/elitebet/payments/infrastructure/persistence/repository/JpaDepositRepository.java. Using fallback presentation compiler.
2026.04.21 11:41:48 INFO  no build target found for /home/okemwag/Downloads/elitebet/src/main/java/com/okemwag/elitebet/payments/mapper/PaymentsMapper.java. Using fallback presentation compiler.
2026.04.21 11:41:48 INFO  no build target found for /home/okemwag/Downloads/elitebet/src/main/java/com/okemwag/elitebet/shared/auditing/AuditAction.java. Using fallback presentation compiler.
2026.04.21 11:41:48 INFO  no build target found for /home/okemwag/Downloads/elitebet/src/main/java/com/okemwag/elitebet/shared/auditing/AuditActorType.java. Using fallback presentation compiler.
2026.04.21 11:41:48 INFO  no build target found for /home/okemwag/Downloads/elitebet/src/main/java/com/okemwag/elitebet/shared/auditing/AuditCategory.java. Using fallback presentation compiler.
2026.04.21 11:41:48 INFO  no build target found for /home/okemwag/Downloads/elitebet/src/main/java/com/okemwag/elitebet/shared/auditing/AuditContext.java. Using fallback presentation compiler.
2026.04.21 11:41:48 INFO  no build target found for /home/okemwag/Downloads/elitebet/src/main/java/com/okemwag/elitebet/shared/auditing/AuditEventPublisher.java. Using fallback presentation compiler.
2026.04.21 11:41:48 INFO  no build target found for /home/okemwag/Downloads/elitebet/src/main/java/com/okemwag/elitebet/shared/auditing/AuditMetadata.java. Using fallback presentation compiler.
2026.04.21 11:41:48 INFO  no build target found for /home/okemwag/Downloads/elitebet/src/main/java/com/okemwag/elitebet/shared/auditing/Auditable.java. Using fallback presentation compiler.
2026.04.21 11:41:48 INFO  no build target found for /home/okemwag/Downloads/elitebet/src/main/java/com/okemwag/elitebet/shared/constants/ApplicationConstants.java. Using fallback presentation compiler.
2026.04.21 11:41:48 INFO  no build target found for /home/okemwag/Downloads/elitebet/src/main/java/com/okemwag/elitebet/shared/events/DomainEvent.java. Using fallback presentation compiler.
2026.04.21 11:41:48 INFO  no build target found for /home/okemwag/Downloads/elitebet/src/main/java/com/okemwag/elitebet/shared/events/EventEnvelope.java. Using fallback presentation compiler.
2026.04.21 11:41:48 INFO  no build target found for /home/okemwag/Downloads/elitebet/src/main/java/com/okemwag/elitebet/shared/events/EventMetadata.java. Using fallback presentation compiler.
2026.04.21 11:41:48 INFO  no build target found for /home/okemwag/Downloads/elitebet/src/main/java/com/okemwag/elitebet/shared/events/IntegrationEvent.java. Using fallback presentation compiler.
2026.04.21 11:41:48 INFO  no build target found for /home/okemwag/Downloads/elitebet/src/main/java/com/okemwag/elitebet/shared/idempotency/IdempotencyKey.java. Using fallback presentation compiler.
2026.04.21 11:41:48 INFO  no build target found for /home/okemwag/Downloads/elitebet/src/main/java/com/okemwag/elitebet/shared/idempotency/IdempotencyRecord.java. Using fallback presentation compiler.
2026.04.21 11:41:48 INFO  no build target found for /home/okemwag/Downloads/elitebet/src/main/java/com/okemwag/elitebet/shared/idempotency/IdempotencyRecordRepository.java. Using fallback presentation compiler.
2026.04.21 11:41:48 INFO  no build target found for /home/okemwag/Downloads/elitebet/src/main/java/com/okemwag/elitebet/shared/idempotency/IdempotencyService.java. Using fallback presentation compiler.
2026.04.21 11:41:48 INFO  no build target found for /home/okemwag/Downloads/elitebet/src/main/java/com/okemwag/elitebet/shared/idempotency/IdempotentOperationType.java. Using fallback presentation compiler.
2026.04.21 11:41:48 INFO  no build target found for /home/okemwag/Downloads/elitebet/src/main/java/com/okemwag/elitebet/shared/logging/CorrelationIdFilter.java. Using fallback presentation compiler.
2026.04.21 11:41:48 INFO  no build target found for /home/okemwag/Downloads/elitebet/src/main/java/com/okemwag/elitebet/shared/logging/MdcKeys.java. Using fallback presentation compiler.
2026.04.21 11:41:48 INFO  no build target found for /home/okemwag/Downloads/elitebet/src/main/java/com/okemwag/elitebet/shared/logging/RequestLoggingFilter.java. Using fallback presentation compiler.
2026.04.21 11:41:48 INFO  no build target found for /home/okemwag/Downloads/elitebet/src/main/java/com/okemwag/elitebet/shared/outbox/OutboxEvent.java. Using fallback presentation compiler.
2026.04.21 11:41:48 INFO  no build target found for /home/okemwag/Downloads/elitebet/src/main/java/com/okemwag/elitebet/shared/outbox/OutboxEventType.java. Using fallback presentation compiler.
2026.04.21 11:41:48 INFO  no build target found for /home/okemwag/Downloads/elitebet/src/main/java/com/okemwag/elitebet/shared/outbox/OutboxProcessor.java. Using fallback presentation compiler.
2026.04.21 11:41:48 INFO  no build target found for /home/okemwag/Downloads/elitebet/src/main/java/com/okemwag/elitebet/shared/outbox/OutboxPublisher.java. Using fallback presentation compiler.
2026.04.21 11:41:48 INFO  no build target found for /home/okemwag/Downloads/elitebet/src/main/java/com/okemwag/elitebet/shared/outbox/OutboxRepository.java. Using fallback presentation compiler.
2026.04.21 11:41:48 INFO  no build target found for /home/okemwag/Downloads/elitebet/src/main/java/com/okemwag/elitebet/shared/outbox/OutboxStatus.java. Using fallback presentation compiler.
2026.04.21 11:41:48 INFO  no build target found for /home/okemwag/Downloads/elitebet/src/main/java/com/okemwag/elitebet/shared/util/JsonUtils.java. Using fallback presentation compiler.
2026.04.21 11:41:48 INFO  no build target found for /home/okemwag/Downloads/elitebet/src/main/java/com/okemwag/elitebet/shared/util/MaskingUtils.java. Using fallback presentation compiler.
2026.04.21 11:41:48 INFO  no build target found for /home/okemwag/Downloads/elitebet/src/main/java/com/okemwag/elitebet/shared/util/MoneyUtils.java. Using fallback presentation compiler.
2026.04.21 11:41:49 INFO  no build target found for /home/okemwag/Downloads/elitebet/src/main/java/com/okemwag/elitebet/shared/util/TimeUtils.java. Using fallback presentation compiler.
2026.04.21 11:41:49 INFO  no build target found for /home/okemwag/Downloads/elitebet/src/main/java/com/okemwag/elitebet/shared/validation/Money.java. Using fallback presentation compiler.
2026.04.21 11:41:49 INFO  no build target found for /home/okemwag/Downloads/elitebet/src/main/java/com/okemwag/elitebet/shared/validation/NoFutureDate.java. Using fallback presentation compiler.
2026.04.21 11:41:49 INFO  no build target found for /home/okemwag/Downloads/elitebet/src/main/java/com/okemwag/elitebet/shared/validation/StrongPassword.java. Using fallback presentation compiler.
2026.04.21 11:41:49 INFO  no build target found for /home/okemwag/Downloads/elitebet/src/main/java/com/okemwag/elitebet/shared/validation/ValidCurrency.java. Using fallback presentation compiler.
2026.04.21 11:41:49 INFO  no build target found for /home/okemwag/Downloads/elitebet/src/main/java/com/okemwag/elitebet/shared/validation/ValidEnum.java. Using fallback presentation compiler.
2026.04.21 11:41:49 INFO  no build target found for /home/okemwag/Downloads/elitebet/src/main/java/com/okemwag/elitebet/shared/validation/ValidPhoneNumber.java. Using fallback presentation compiler.
2026.04.21 11:41:49 INFO  no build target found for /home/okemwag/Downloads/elitebet/src/main/java/com/okemwag/elitebet/sportsbook/api/FixtureController.java. Using fallback presentation compiler.
2026.04.21 11:41:49 INFO  no build target found for /home/okemwag/Downloads/elitebet/src/main/java/com/okemwag/elitebet/sportsbook/api/MarketController.java. Using fallback presentation compiler.
2026.04.21 11:41:49 INFO  no build target found for /home/okemwag/Downloads/elitebet/src/main/java/com/okemwag/elitebet/sportsbook/api/OddsController.java. Using fallback presentation compiler.
2026.04.21 11:41:49 INFO  no build target found for /home/okemwag/Downloads/elitebet/src/main/java/com/okemwag/elitebet/sportsbook/api/SportsbookAdminController.java. Using fallback presentation compiler.
2026.04.21 11:41:49 INFO  no build target found for /home/okemwag/Downloads/elitebet/src/main/java/com/okemwag/elitebet/sportsbook/application/FixtureService.java. Using fallback presentation compiler.
2026.04.21 11:41:49 INFO  no build target found for /home/okemwag/Downloads/elitebet/src/main/java/com/okemwag/elitebet/sportsbook/application/MarketControlService.java. Using fallback presentation compiler.
2026.04.21 11:41:49 INFO  no build target found for /home/okemwag/Downloads/elitebet/src/main/java/com/okemwag/elitebet/sportsbook/application/MarketService.java. Using fallback presentation compiler.
2026.04.21 11:41:49 INFO  no build target found for /home/okemwag/Downloads/elitebet/src/main/java/com/okemwag/elitebet/sportsbook/application/OddsService.java. Using fallback presentation compiler.
2026.04.21 11:41:49 INFO  no build target found for /home/okemwag/Downloads/elitebet/src/main/java/com/okemwag/elitebet/sportsbook/application/SportsbookQueryService.java. Using fallback presentation compiler.
2026.04.21 11:41:49 INFO  no build target found for /home/okemwag/Downloads/elitebet/src/main/java/com/okemwag/elitebet/sportsbook/domain/enums/FixtureStatus.java. Using fallback presentation compiler.
2026.04.21 11:41:49 INFO  no build target found for /home/okemwag/Downloads/elitebet/src/main/java/com/okemwag/elitebet/sportsbook/domain/enums/MarketStatus.java. Using fallback presentation compiler.
2026.04.21 11:41:49 INFO  no build target found for /home/okemwag/Downloads/elitebet/src/main/java/com/okemwag/elitebet/sportsbook/domain/enums/OddsStatus.java. Using fallback presentation compiler.
2026.04.21 11:41:49 INFO  no build target found for /home/okemwag/Downloads/elitebet/src/main/java/com/okemwag/elitebet/sportsbook/domain/enums/SelectionStatus.java. Using fallback presentation compiler.
2026.04.21 11:41:49 INFO  no build target found for /home/okemwag/Downloads/elitebet/src/main/java/com/okemwag/elitebet/sportsbook/domain/enums/SportType.java. Using fallback presentation compiler.
2026.04.21 11:41:49 INFO  no build target found for /home/okemwag/Downloads/elitebet/src/main/java/com/okemwag/elitebet/sportsbook/domain/model/Fixture.java. Using fallback presentation compiler.
2026.04.21 11:41:49 INFO  no build target found for /home/okemwag/Downloads/elitebet/src/main/java/com/okemwag/elitebet/sportsbook/domain/model/League.java. Using fallback presentation compiler.
2026.04.21 11:41:49 INFO  no build target found for /home/okemwag/Downloads/elitebet/src/main/java/com/okemwag/elitebet/sportsbook/domain/model/Market.java. Using fallback presentation compiler.
2026.04.21 11:41:49 INFO  no build target found for /home/okemwag/Downloads/elitebet/src/main/java/com/okemwag/elitebet/sportsbook/domain/model/Odds.java. Using fallback presentation compiler.
2026.04.21 11:41:49 INFO  no build target found for /home/okemwag/Downloads/elitebet/src/main/java/com/okemwag/elitebet/sportsbook/domain/model/OddsSnapshot.java. Using fallback presentation compiler.
2026.04.21 11:41:49 INFO  no build target found for /home/okemwag/Downloads/elitebet/src/main/java/com/okemwag/elitebet/sportsbook/domain/model/Selection.java. Using fallback presentation compiler.
2026.04.21 11:41:49 INFO  no build target found for /home/okemwag/Downloads/elitebet/src/main/java/com/okemwag/elitebet/sportsbook/domain/model/Sport.java. Using fallback presentation compiler.
2026.04.21 11:41:49 INFO  no build target found for /home/okemwag/Downloads/elitebet/src/main/java/com/okemwag/elitebet/sportsbook/domain/repository/FixtureRepository.java. Using fallback presentation compiler.
2026.04.21 11:41:49 INFO  no build target found for /home/okemwag/Downloads/elitebet/src/main/java/com/okemwag/elitebet/sportsbook/domain/repository/MarketRepository.java. Using fallback presentation compiler.
2026.04.21 11:41:49 INFO  no build target found for /home/okemwag/Downloads/elitebet/src/main/java/com/okemwag/elitebet/sportsbook/domain/repository/OddsRepository.java. Using fallback presentation compiler.
2026.04.21 11:41:49 INFO  no build target found for /home/okemwag/Downloads/elitebet/src/main/java/com/okemwag/elitebet/sportsbook/domain/repository/SelectionRepository.java. Using fallback presentation compiler.
2026.04.21 11:41:49 INFO  no build target found for /home/okemwag/Downloads/elitebet/src/main/java/com/okemwag/elitebet/sportsbook/infrastructure/persistence/entity/FixtureEntity.java. Using fallback presentation compiler.
2026.04.21 11:41:49 INFO  no build target found for /home/okemwag/Downloads/elitebet/src/main/java/com/okemwag/elitebet/sportsbook/infrastructure/persistence/entity/MarketEntity.java. Using fallback presentation compiler.
2026.04.21 11:41:49 INFO  no build target found for /home/okemwag/Downloads/elitebet/src/main/java/com/okemwag/elitebet/sportsbook/infrastructure/persistence/entity/OddsEntity.java. Using fallback presentation compiler.
